<?xml version="1.0" encoding="UTF-8"?>
<robot generator="Robot 7.0 (Python 3.12.3 on win32)" generated="2024-06-04T12:18:43.857544" rpa="false" schemaversion="5">
<suite id="s1" name="Login" source="C:\Users\A. Sahithi\PycharmProjects\CardinalHealth\Testing\login.robot">
<test id="s1-t1" name="Filter on Qlik" line="112">
<kw name="Click Element" owner="SeleniumLibrary">
<msg time="2024-06-04T12:18:44.201260" level="INFO">Clicking element '//div[@title='Month']//img[@class='Qv_CellIcon_right Qv_CD']'.</msg>
<msg time="2024-06-04T12:18:44.203520" level="INFO">Cannot capture screenshot because no browser is open.</msg>
<msg time="2024-06-04T12:18:44.204520" level="FAIL">No browser is open.</msg>
<arg>//div[@title='Month']//img[@class='Qv_CellIcon_right Qv_CD']</arg>
<doc>Click the element identified by ``locator``.</doc>
<status status="FAIL" start="2024-06-04T12:18:44.200275" elapsed="0.044756">No browser is open.</status>
</kw>
<status status="FAIL" start="2024-06-04T12:18:44.199262" elapsed="0.045769">No browser is open.</status>
</test>
<status status="FAIL" start="2024-06-04T12:18:43.884791" elapsed="0.361239"/>
</suite>
<statistics>
<total>
<stat pass="0" fail="1" skip="0">All Tests</stat>
</total>
<tag>
</tag>
<suite>
<stat pass="0" fail="1" skip="0" id="s1" name="Login">Login</stat>
</suite>
</statistics>
<errors>
</errors>
</robot>
